mode: set
github.com/skylarnt/bookings/internal/handlers/handlers.go:24.47,28.2 1 1
github.com/skylarnt/bookings/internal/handlers/handlers.go:31.33,33.2 1 1
github.com/skylarnt/bookings/internal/handlers/handlers.go:36.67,41.2 3 1
github.com/skylarnt/bookings/internal/handlers/handlers.go:44.68,56.2 5 1
github.com/skylarnt/bookings/internal/handlers/handlers.go:58.71,61.2 1 1
github.com/skylarnt/bookings/internal/handlers/handlers.go:63.74,66.2 1 1
github.com/skylarnt/bookings/internal/handlers/handlers.go:68.75,71.2 1 1
github.com/skylarnt/bookings/internal/handlers/handlers.go:72.79,78.2 3 1
github.com/skylarnt/bookings/internal/handlers/handlers.go:85.79,92.16 3 1
github.com/skylarnt/bookings/internal/handlers/handlers.go:92.16,94.3 1 0
github.com/skylarnt/bookings/internal/handlers/handlers.go:96.2,97.14 2 1
github.com/skylarnt/bookings/internal/handlers/handlers.go:101.78,110.2 4 1
github.com/skylarnt/bookings/internal/handlers/handlers.go:112.78,114.16 2 1
github.com/skylarnt/bookings/internal/handlers/handlers.go:114.16,117.3 2 0
github.com/skylarnt/bookings/internal/handlers/handlers.go:119.2,133.19 6 1
github.com/skylarnt/bookings/internal/handlers/handlers.go:133.19,141.3 3 0
github.com/skylarnt/bookings/internal/handlers/handlers.go:143.2,145.66 2 1
github.com/skylarnt/bookings/internal/handlers/handlers.go:149.70,152.2 1 1
github.com/skylarnt/bookings/internal/handlers/handlers.go:154.81,156.9 2 1
github.com/skylarnt/bookings/internal/handlers/handlers.go:156.9,161.3 4 1
github.com/skylarnt/bookings/internal/handlers/handlers.go:162.2,169.4 4 0
